<?xml version="1.0" encoding="UTF-8"?>
<!-- Generated by org.testng.reporters.JUnitXMLReporter -->
<testsuite ignored="0" hostname="LAPTOP-P9UGU7PC" failures="0" tests="3" name="Test" time="14.275" errors="0" timestamp="2023-09-21T15:09:11 IST">
  <testcase classname="api.Test.userTest" name="testCreateUser" time="6.381"/>
  <testcase classname="api.Test.userTest" name="testCreateUser" time="3.817"/>
  <testcase classname="api.Test.userTest" name="testCreateUser" time="2.272"/>
</testsuite> <!-- Test -->
